2014-01-17 17:50:27.619 EHFG[16767:80b] Multi-tasking -> Device: YES, App: YES
2014-01-17 17:50:27.627 EHFG[16767:80b] Unlimited access to network resources
2014-01-17 17:50:27.799 EHFG[16767:80b] Resetting plugins due to page load.
2014-01-17 17:50:27.924 EHFG[16767:80b] Finished load of: file:///Users/patrick/Library/Application%20Support/iPhone%20Simulator/7.0.3/Applications/C9FA6FE5-8632-4079-9F04-89606BBA8FA4/EHFG.app/www/index.html
2014-01-17 17:51:17.093 EHFG[17351:80b] Multi-tasking -> Device: YES, App: YES
2014-01-17 17:51:17.101 EHFG[17351:80b] Unlimited access to network resources
2014-01-17 17:51:17.270 EHFG[17351:80b] Resetting plugins due to page load.
2014-01-17 17:51:17.314 EHFG[17351:80b] Finished load of: file:///Users/patrick/Library/Application%20Support/iPhone%20Simulator/7.0.3/Applications/C9FA6FE5-8632-4079-9F04-89606BBA8FA4/EHFG.app/www/index.html
2014-01-17 17:51:40.468 EHFG[17947:80b] Multi-tasking -> Device: YES, App: YES
2014-01-17 17:51:40.478 EHFG[17947:80b] Unlimited access to network resources
2014-01-17 17:51:40.723 EHFG[17947:80b] Resetting plugins due to page load.
2014-01-17 17:51:40.821 EHFG[17947:80b] Finished load of: file:///Users/patrick/Library/Application%20Support/iPhone%20Simulator/7.0.3/Applications/C9FA6FE5-8632-4079-9F04-89606BBA8FA4/EHFG.app/www/index.html
Terminating in response to SpringBoard's termination.
2014-01-17 17:54:50.953 EHFG[18592:80b] Multi-tasking -> Device: YES, App: YES
2014-01-17 17:54:50.962 EHFG[18592:80b] Unlimited access to network resources
2014-01-17 17:54:51.130 EHFG[18592:80b] Resetting plugins due to page load.
2014-01-17 17:54:51.217 EHFG[18592:80b] Finished load of: file:///Users/patrick/Library/Application%20Support/iPhone%20Simulator/7.0.3/Applications/C9FA6FE5-8632-4079-9F04-89606BBA8FA4/EHFG.app/www/index.html
Terminating in response to SpringBoard's termination.
2014-01-17 17:56:33.665 EHFG[19257:80b] Multi-tasking -> Device: YES, App: YES
2014-01-17 17:56:33.674 EHFG[19257:80b] Unlimited access to network resources
2014-01-17 17:56:33.843 EHFG[19257:80b] Resetting plugins due to page load.
2014-01-17 17:56:39.829 EHFG[19257:80b] Finished load of: file:///Users/patrick/Library/Application%20Support/iPhone%20Simulator/7.0.3/Applications/C9FA6FE5-8632-4079-9F04-89606BBA8FA4/EHFG.app/www/index.html
2014-01-25 08:49:23.022 EHFG[1848:80b] Multi-tasking -> Device: YES, App: YES
2014-01-25 08:49:23.048 EHFG[1848:80b] Unlimited access to network resources
2014-01-25 08:49:23.467 EHFG[1848:80b] Resetting plugins due to page load.
2014-01-25 08:49:23.763 EHFG[1848:80b] Finished load of: file:///Users/patrick/Library/Application%20Support/iPhone%20Simulator/7.0.3/Applications/C9FA6FE5-8632-4079-9F04-89606BBA8FA4/EHFG.app/www/index.html
2014-02-21 19:39:12.502 EHFG[33095:80b] Multi-tasking -> Device: YES, App: YES
2014-02-21 19:39:12.528 EHFG[33095:80b] Unlimited access to network resources
2014-02-21 19:39:13.062 EHFG[33095:80b] Resetting plugins due to page load.
2014-02-21 19:39:13.556 EHFG[33095:80b] Finished load of: file:///Users/patrick/Library/Application%20Support/iPhone%20Simulator/7.0.3/Applications/C9FA6FE5-8632-4079-9F04-89606BBA8FA4/EHFG.app/www/index.html
2014-03-08 14:22:31.104 EHFG[46907:80b] Multi-tasking -> Device: YES, App: YES
2014-03-08 14:22:31.130 EHFG[46907:80b] Unlimited access to network resources
2014-03-08 14:22:31.584 EHFG[46907:80b] Resetting plugins due to page load.
2014-03-08 14:22:32.739 EHFG[46907:80b] Finished load of: file:///Users/patrick/Library/Application%20Support/iPhone%20Simulator/7.0.3/Applications/C9FA6FE5-8632-4079-9F04-89606BBA8FA4/EHFG.app/www/index.html
2014-03-08 14:22:54.473 EHFG[46907:80b] CDVWebViewDelegate: Navigation started when state=1
2014-03-08 14:22:54.473 EHFG[46907:80b] Failed to load webpage with error: CDVWebViewDelegate: Navigation started when state=1
2014-03-08 14:22:54.476 EHFG[46907:80b] Resetting plugins due to page load.
2014-03-08 14:22:55.136 EHFG[46907:80b] Finished load of: https://twitter.com/search?q=%23EHFG2014
2014-03-08 14:22:55.137 EHFG[46907:80b] Resetting plugins due to page load.
2014-03-08 14:22:56.388 EHFG[46907:80b] Finished load of: https://mobile.twitter.com/search?q=%23EHFG2014
Terminating in response to SpringBoard's termination.
2014-03-08 14:23:36.528 EHFG[47996:80b] Multi-tasking -> Device: YES, App: YES
2014-03-08 14:23:36.536 EHFG[47996:80b] Unlimited access to network resources
2014-03-08 14:23:36.682 EHFG[47996:80b] Resetting plugins due to page load.
2014-03-08 14:23:37.265 EHFG[47996:80b] Finished load of: file:///Users/patrick/Library/Application%20Support/iPhone%20Simulator/7.0.3/Applications/C9FA6FE5-8632-4079-9F04-89606BBA8FA4/EHFG.app/www/index.html
2014-03-09 17:32:21.905 EHFG[2191:80b] Multi-tasking -> Device: YES, App: YES
2014-03-09 17:32:21.932 EHFG[2191:80b] Unlimited access to network resources
2014-03-09 17:32:22.329 EHFG[2191:80b] Resetting plugins due to page load.
2014-03-09 17:32:23.137 EHFG[2191:80b] Finished load of: file:///Users/patrick/Library/Application%20Support/iPhone%20Simulator/7.0.3/Applications/C9FA6FE5-8632-4079-9F04-89606BBA8FA4/EHFG.app/www/index.html
Terminating in response to SpringBoard's termination.
2014-03-09 17:35:18.038 EHFG[3340:80b] Multi-tasking -> Device: YES, App: YES
2014-03-09 17:35:18.047 EHFG[3340:80b] Unlimited access to network resources
2014-03-09 17:35:18.184 EHFG[3340:80b] Resetting plugins due to page load.
2014-03-09 17:35:18.889 EHFG[3340:80b] Finished load of: file:///Users/patrick/Library/Application%20Support/iPhone%20Simulator/7.0.3/Applications/C9FA6FE5-8632-4079-9F04-89606BBA8FA4/EHFG.app/www/index.html
Terminating in response to SpringBoard's termination.
2014-03-09 17:38:11.250 EHFG[4390:80b] Multi-tasking -> Device: YES, App: YES
2014-03-09 17:38:11.259 EHFG[4390:80b] Unlimited access to network resources
2014-03-09 17:38:11.428 EHFG[4390:80b] Resetting plugins due to page load.
2014-03-09 17:38:12.053 EHFG[4390:80b] Finished load of: file:///Users/patrick/Library/Application%20Support/iPhone%20Simulator/7.0.3/Applications/C9FA6FE5-8632-4079-9F04-89606BBA8FA4/EHFG.app/www/index.html
2014-03-09 17:38:13.752 EHFG[4390:80b] Resetting plugins due to page load.
2014-03-09 17:38:19.249 EHFG[4390:80b] Finished load of: http://www.ehfg.org/ehfg-congress.html
2014-03-14 07:24:58.480 EHFG[10895:80b] Multi-tasking -> Device: YES, App: YES
2014-03-14 07:24:58.505 EHFG[10895:80b] Unlimited access to network resources
2014-03-14 07:24:58.922 EHFG[10895:80b] Resetting plugins due to page load.
2014-03-14 07:24:59.227 EHFG[10895:80b] Finished load of: file:///Users/patrick/Library/Application%20Support/iPhone%20Simulator/7.0.3/Applications/C9FA6FE5-8632-4079-9F04-89606BBA8FA4/EHFG.app/www/index.html
Terminating in response to SpringBoard's termination.
2014-03-14 07:25:58.223 EHFG[11920:80b] Multi-tasking -> Device: YES, App: YES
2014-03-14 07:25:58.232 EHFG[11920:80b] Unlimited access to network resources
2014-03-14 07:25:58.420 EHFG[11920:80b] Resetting plugins due to page load.
2014-03-14 07:25:59.239 EHFG[11920:80b] Finished load of: file:///Users/patrick/Library/Application%20Support/iPhone%20Simulator/7.0.3/Applications/C9FA6FE5-8632-4079-9F04-89606BBA8FA4/EHFG.app/www/index.html
2014-03-14 07:26:02.966 EHFG[11920:80b] Resetting plugins due to page load.
2014-03-14 07:26:04.901 EHFG[11920:80b] Finished load of: http://www.ehfg.org/ehfg-congress.html
2014-03-14 07:29:30.755 EHFG[12969:80b] Multi-tasking -> Device: YES, App: YES
2014-03-14 07:29:30.764 EHFG[12969:80b] Unlimited access to network resources
2014-03-14 07:29:30.825 EHFG[12969:80b] Resetting plugins due to page load.
2014-03-14 07:29:31.388 EHFG[12969:80b] Finished load of: file:///Users/patrick/Library/Application%20Support/iPhone%20Simulator/7.0.3/Applications/C9FA6FE5-8632-4079-9F04-89606BBA8FA4/EHFG.app/www/index.html
2014-03-14 07:29:32.991 EHFG[12969:80b] CDVWebViewDelegate: Navigation started when state=1
2014-03-14 07:29:32.991 EHFG[12969:80b] Failed to load webpage with error: CDVWebViewDelegate: Navigation started when state=1
2014-03-14 07:29:32.992 EHFG[12969:80b] Resetting plugins due to page load.
2014-03-14 07:29:33.578 EHFG[12969:80b] Finished load of: https://www.google.at/
2014-03-14 07:30:41.031 EHFG[13993:80b] Multi-tasking -> Device: YES, App: YES
2014-03-14 07:30:41.040 EHFG[13993:80b] Unlimited access to network resources
2014-03-14 07:30:41.190 EHFG[13993:80b] Resetting plugins due to page load.
2014-03-14 07:30:41.767 EHFG[13993:80b] Finished load of: file:///Users/patrick/Library/Application%20Support/iPhone%20Simulator/7.0.3/Applications/C9FA6FE5-8632-4079-9F04-89606BBA8FA4/EHFG.app/www/index.html
2014-03-14 07:30:55.943 EHFG[13993:80b] CDVWebViewDelegate: Navigation started when state=1
2014-03-14 07:30:55.943 EHFG[13993:80b] Failed to load webpage with error: CDVWebViewDelegate: Navigation started when state=1
2014-03-14 07:30:55.945 EHFG[13993:80b] Resetting plugins due to page load.
2014-03-14 07:30:56.538 EHFG[13993:80b] Finished load of: https://www.google.at/
Terminating in response to SpringBoard's termination.
2014-03-14 07:39:08.326 EHFG[15147:80b] Multi-tasking -> Device: YES, App: YES
2014-03-14 07:39:08.333 EHFG[15147:80b] Unlimited access to network resources
2014-03-14 07:39:08.395 EHFG[15147:80b] Resetting plugins due to page load.
2014-03-14 07:39:09.037 EHFG[15147:80b] Finished load of: file:///Users/patrick/Library/Application%20Support/iPhone%20Simulator/7.0.3/Applications/C9FA6FE5-8632-4079-9F04-89606BBA8FA4/EHFG.app/www/index.html
2014-03-14 07:39:10.414 EHFG[15147:80b] CDVWebViewDelegate: Navigation started when state=1
2014-03-14 07:39:10.415 EHFG[15147:80b] Failed to load webpage with error: CDVWebViewDelegate: Navigation started when state=1
2014-03-14 07:39:10.416 EHFG[15147:80b] Resetting plugins due to page load.
2014-03-14 07:39:11.004 EHFG[15147:80b] Finished load of: https://www.google.at/
2014-03-14 07:42:08.654 EHFG[16202:80b] Multi-tasking -> Device: YES, App: YES
2014-03-14 07:42:08.662 EHFG[16202:80b] Unlimited access to network resources
2014-03-14 07:42:08.725 EHFG[16202:80b] Resetting plugins due to page load.
2014-03-14 07:42:09.306 EHFG[16202:80b] Finished load of: file:///Users/patrick/Library/Application%20Support/iPhone%20Simulator/7.0.3/Applications/C9FA6FE5-8632-4079-9F04-89606BBA8FA4/EHFG.app/www/index.html
2014-03-14 07:42:20.184 EHFG[16202:80b] Resetting plugins due to page load.
2014-03-14 07:42:21.508 EHFG[16202:80b] Finished load of: http://www.ehfg.org/ehfg-congress.html
2014-03-14 07:46:12.345 EHFG[17249:80b] Multi-tasking -> Device: YES, App: YES
2014-03-14 07:46:12.354 EHFG[17249:80b] Unlimited access to network resources
2014-03-14 07:46:12.505 EHFG[17249:80b] Resetting plugins due to page load.
2014-03-14 07:46:13.132 EHFG[17249:80b] THREAD WARNING: ['InAppBrowser'] took '57.181885' ms. Plugin should use a background thread.
2014-03-14 07:46:13.154 EHFG[17249:80b] Finished load of: file:///Users/patrick/Library/Application%20Support/iPhone%20Simulator/7.0.3/Applications/C9FA6FE5-8632-4079-9F04-89606BBA8FA4/EHFG.app/www/index.html
2014-03-14 07:46:13.154 EHFG[17249:80b] Gave lock 2
2014-03-14 07:47:11.624 EHFG[18288:80b] Multi-tasking -> Device: YES, App: YES
2014-03-14 07:47:11.633 EHFG[18288:80b] Unlimited access to network resources
2014-03-14 07:47:11.786 EHFG[18288:80b] Resetting plugins due to page load.
2014-03-14 07:47:12.417 EHFG[18288:80b] Finished load of: file:///Users/patrick/Library/Application%20Support/iPhone%20Simulator/7.0.3/Applications/C9FA6FE5-8632-4079-9F04-89606BBA8FA4/EHFG.app/www/index.html
2014-03-14 07:47:13.925 EHFG[18288:80b] CDVWebViewDelegate: Navigation started when state=1
2014-03-14 07:47:13.925 EHFG[18288:80b] Failed to load webpage with error: CDVWebViewDelegate: Navigation started when state=1
2014-03-14 07:47:13.927 EHFG[18288:80b] Resetting plugins due to page load.
2014-03-14 07:47:14.527 EHFG[18288:80b] Finished load of: https://www.google.at/
2014-03-14 07:48:53.426 EHFG[19334:80b] Multi-tasking -> Device: YES, App: YES
2014-03-14 07:48:53.436 EHFG[19334:80b] Unlimited access to network resources
2014-03-14 07:48:53.662 EHFG[19334:80b] Resetting plugins due to page load.
2014-03-14 07:48:54.324 EHFG[19334:80b] Finished load of: file:///Users/patrick/Library/Application%20Support/iPhone%20Simulator/7.0.3/Applications/C9FA6FE5-8632-4079-9F04-89606BBA8FA4/EHFG.app/www/index.html
2014-03-14 07:49:10.416 EHFG[19334:80b] THREAD WARNING: ['InAppBrowser'] took '19.253906' ms. Plugin should use a background thread.
2014-03-14 07:49:10.421 EHFG[19334:80b] Resetting plugins due to page load.
2014-03-14 07:49:10.424 EHFG[19334:80b] Warning: Attempt to dismiss from view controller <MainViewController: 0xa75d680> while a presentation or dismiss is in progress!
2014-03-14 07:49:11.034 EHFG[19334:80b] Finished load of: https://www.google.at/
Terminating in response to SpringBoard's termination.
2014-03-14 07:49:57.660 EHFG[20370:80b] Multi-tasking -> Device: YES, App: YES
2014-03-14 07:49:57.669 EHFG[20370:80b] Unlimited access to network resources
2014-03-14 07:49:57.852 EHFG[20370:80b] Resetting plugins due to page load.
2014-03-14 07:49:58.462 EHFG[20370:80b] Finished load of: file:///Users/patrick/Library/Application%20Support/iPhone%20Simulator/7.0.3/Applications/C9FA6FE5-8632-4079-9F04-89606BBA8FA4/EHFG.app/www/index.html
2014-03-14 07:50:00.044 EHFG[20370:80b] THREAD WARNING: ['InAppBrowser'] took '27.150879' ms. Plugin should use a background thread.
2014-04-13 10:00:41.001 EHFG[8108:70b] Multi-tasking -> Device: YES, App: YES
2014-04-13 10:00:41.033 EHFG[8108:70b] Unlimited access to network resources
2014-04-13 10:00:41.360 EHFG[8108:70b] Resetting plugins due to page load.
2014-04-13 10:00:42.189 EHFG[8108:70b] Finished load of: file:///Users/patrick/Library/Application%20Support/iPhone%20Simulator/7.1/Applications/1D5D54FB-C9D3-4C37-801B-E2B9882462CE/EHFG.app/www/index.html
Terminating in response to SpringBoard's termination.
2014-04-13 10:02:32.696 EHFG[9163:70b] Multi-tasking -> Device: YES, App: YES
2014-04-13 10:02:32.706 EHFG[9163:70b] Unlimited access to network resources
2014-04-13 10:02:32.879 EHFG[9163:70b] Resetting plugins due to page load.
2014-04-13 10:02:33.642 EHFG[9163:70b] Finished load of: file:///Users/patrick/Library/Application%20Support/iPhone%20Simulator/7.1/Applications/1D5D54FB-C9D3-4C37-801B-E2B9882462CE/EHFG.app/www/index.html
Terminating in response to SpringBoard's termination.
2014-04-13 10:06:59.610 EHFG[10250:70b] Multi-tasking -> Device: YES, App: YES
2014-04-13 10:06:59.620 EHFG[10250:70b] Unlimited access to network resources
2014-04-13 10:06:59.743 EHFG[10250:70b] Resetting plugins due to page load.
2014-04-13 10:07:00.455 EHFG[10250:70b] Finished load of: file:///Users/patrick/Library/Application%20Support/iPhone%20Simulator/7.1/Applications/1D5D54FB-C9D3-4C37-801B-E2B9882462CE/EHFG.app/www/index.html
Terminating in response to SpringBoard's termination.
2014-04-27 21:13:59.124 EHFG[5991:70b] Multi-tasking -> Device: YES, App: YES
2014-04-27 21:13:59.151 EHFG[5991:70b] Unlimited access to network resources
2014-04-27 21:13:59.517 EHFG[5991:70b] Resetting plugins due to page load.
2014-04-27 21:14:00.397 EHFG[5991:70b] Finished load of: file:///Users/patrick/Library/Application%20Support/iPhone%20Simulator/7.1/Applications/1D5D54FB-C9D3-4C37-801B-E2B9882462CE/EHFG.app/www/index.html
2014-04-27 21:19:04.421 EHFG[7112:70b] Multi-tasking -> Device: YES, App: YES
2014-04-27 21:19:04.429 EHFG[7112:70b] Unlimited access to network resources
2014-04-27 21:19:04.548 EHFG[7112:70b] Resetting plugins due to page load.
2014-04-27 21:19:05.168 EHFG[7112:70b] Finished load of: file:///Users/patrick/Library/Application%20Support/iPhone%20Simulator/7.1/Applications/1D5D54FB-C9D3-4C37-801B-E2B9882462CE/EHFG.app/www/index.html
Terminating in response to SpringBoard's termination.
2014-04-27 21:32:24.958 EHFG[8270:70b] Multi-tasking -> Device: YES, App: YES
2014-04-27 21:32:24.967 EHFG[8270:70b] Unlimited access to network resources
2014-04-27 21:32:25.095 EHFG[8270:70b] Resetting plugins due to page load.
2014-04-27 21:32:25.683 EHFG[8270:70b] Finished load of: file:///Users/patrick/Library/Application%20Support/iPhone%20Simulator/7.1/Applications/1D5D54FB-C9D3-4C37-801B-E2B9882462CE/EHFG.app/www/index.html
Terminating in response to SpringBoard's termination.
2014-04-27 21:34:27.962 EHFG[9317:70b] Multi-tasking -> Device: YES, App: YES
2014-04-27 21:34:27.971 EHFG[9317:70b] Unlimited access to network resources
2014-04-27 21:34:28.093 EHFG[9317:70b] Resetting plugins due to page load.
2014-04-27 21:34:28.729 EHFG[9317:70b] Finished load of: file:///Users/patrick/Library/Application%20Support/iPhone%20Simulator/7.1/Applications/1D5D54FB-C9D3-4C37-801B-E2B9882462CE/EHFG.app/www/index.html
2014-04-27 21:36:39.345 EHFG[10404:70b] Multi-tasking -> Device: YES, App: YES
2014-04-27 21:36:39.353 EHFG[10404:70b] Unlimited access to network resources
2014-04-27 21:36:39.488 EHFG[10404:70b] Resetting plugins due to page load.
2014-04-27 21:36:40.029 EHFG[10404:70b] Finished load of: file:///Users/patrick/Library/Application%20Support/iPhone%20Simulator/7.1/Applications/9F804247-D7FB-4583-8003-43C6D31769B8/EHFG.app/www/index.html
2014-05-04 18:01:45.978 EHFG[16464:70b] Multi-tasking -> Device: YES, App: YES
2014-05-04 18:01:46.013 EHFG[16464:70b] Unlimited access to network resources
2014-05-04 18:01:46.373 EHFG[16464:70b] Resetting plugins due to page load.
2014-05-04 18:01:47.163 EHFG[16464:70b] Finished load of: file:///Users/patrick/Library/Application%20Support/iPhone%20Simulator/7.1/Applications/9F804247-D7FB-4583-8003-43C6D31769B8/EHFG.app/www/index.html
Terminating in response to SpringBoard's termination.
2014-05-04 18:02:59.788 EHFG[17513:70b] Multi-tasking -> Device: YES, App: YES
2014-05-04 18:02:59.796 EHFG[17513:70b] Unlimited access to network resources
2014-05-04 18:02:59.922 EHFG[17513:70b] Resetting plugins due to page load.
2014-05-04 18:03:00.552 EHFG[17513:70b] Finished load of: file:///Users/patrick/Library/Application%20Support/iPhone%20Simulator/7.1/Applications/9F804247-D7FB-4583-8003-43C6D31769B8/EHFG.app/www/index.html
Terminating in response to SpringBoard's termination.
2014-05-07 21:35:10.688 EHFG[20046:70b] Multi-tasking -> Device: YES, App: YES
2014-05-07 21:35:10.717 EHFG[20046:70b] Unlimited access to network resources
2014-05-07 21:35:11.151 EHFG[20046:70b] Resetting plugins due to page load.
2014-05-07 21:35:11.854 EHFG[20046:70b] Finished load of: file:///Users/patrick/Library/Application%20Support/iPhone%20Simulator/7.1/Applications/9F804247-D7FB-4583-8003-43C6D31769B8/EHFG.app/www/index.html
2014-05-11 11:06:08.910 EHFG[22371:70b] Multi-tasking -> Device: YES, App: YES
2014-05-11 11:06:08.935 EHFG[22371:70b] Unlimited access to network resources
2014-05-11 11:06:09.069 EHFG[22371:70b] Resetting plugins due to page load.
2014-05-11 11:06:09.409 EHFG[22371:70b] Finished load of: file:///Users/patrick/Library/Application%20Support/iPhone%20Simulator/7.1/Applications/9F804247-D7FB-4583-8003-43C6D31769B8/EHFG.app/www/index.html
Terminating in response to SpringBoard's termination.
2014-05-11 11:06:41.462 EHFG[23417:70b] Multi-tasking -> Device: YES, App: YES
2014-05-11 11:06:41.470 EHFG[23417:70b] Unlimited access to network resources
2014-05-11 11:06:41.540 EHFG[23417:70b] Resetting plugins due to page load.
2014-05-11 11:06:42.712 EHFG[23417:70b] Finished load of: file:///Users/patrick/Library/Application%20Support/iPhone%20Simulator/7.1/Applications/9F804247-D7FB-4583-8003-43C6D31769B8/EHFG.app/www/index.html
Terminating in response to SpringBoard's termination.
2014-05-11 11:26:35.416 EHFG[24520:70b] Multi-tasking -> Device: YES, App: YES
2014-05-11 11:26:35.426 EHFG[24520:70b] Unlimited access to network resources
2014-05-11 11:26:35.544 EHFG[24520:70b] Resetting plugins due to page load.
2014-05-11 11:26:36.216 EHFG[24520:70b] Finished load of: file:///Users/patrick/Library/Application%20Support/iPhone%20Simulator/7.1/Applications/9F804247-D7FB-4583-8003-43C6D31769B8/EHFG.app/www/index.html
2014-05-15 19:06:29.900 EHFG[31934:70b] Multi-tasking -> Device: YES, App: YES
2014-05-15 19:06:29.923 EHFG[31934:70b] Unlimited access to network resources
2014-05-15 19:06:30.442 EHFG[31934:70b] Resetting plugins due to page load.
2014-05-15 19:06:31.465 EHFG[31934:70b] Finished load of: file:///Users/patrick/Library/Application%20Support/iPhone%20Simulator/7.1/Applications/9F804247-D7FB-4583-8003-43C6D31769B8/EHFG.app/www/index.html
Terminating in response to SpringBoard's termination.
2014-05-15 19:09:08.815 EHFG[32998:70b] Multi-tasking -> Device: YES, App: YES
2014-05-15 19:09:08.829 EHFG[32998:70b] Unlimited access to network resources
2014-05-15 19:09:08.968 EHFG[32998:70b] Resetting plugins due to page load.
2014-05-15 19:09:09.640 EHFG[32998:70b] Finished load of: file:///Users/patrick/Library/Application%20Support/iPhone%20Simulator/7.1/Applications/9F804247-D7FB-4583-8003-43C6D31769B8/EHFG.app/www/index.html
2014-05-15 19:11:54.044 EHFG[34062:70b] Multi-tasking -> Device: YES, App: YES
2014-05-15 19:11:54.053 EHFG[34062:70b] Unlimited access to network resources
2014-05-15 19:11:54.180 EHFG[34062:70b] Resetting plugins due to page load.
2014-05-15 19:11:55.888 EHFG[34062:70b] Finished load of: file:///Users/patrick/Library/Application%20Support/iPhone%20Simulator/7.1/Applications/9F804247-D7FB-4583-8003-43C6D31769B8/EHFG.app/www/index.html
2014-05-15 19:13:02.144 EHFG[35108:70b] Multi-tasking -> Device: YES, App: YES
2014-05-15 19:13:02.155 EHFG[35108:70b] Unlimited access to network resources
2014-05-15 19:13:02.272 EHFG[35108:70b] Resetting plugins due to page load.
2014-05-15 19:13:02.868 EHFG[35108:70b] Finished load of: file:///Users/patrick/Library/Application%20Support/iPhone%20Simulator/7.1/Applications/9F804247-D7FB-4583-8003-43C6D31769B8/EHFG.app/www/index.html
Terminating in response to SpringBoard's termination.
2014-05-15 19:27:06.917 EHFG[36250:70b] Multi-tasking -> Device: YES, App: YES
2014-05-15 19:27:06.926 EHFG[36250:70b] Unlimited access to network resources
2014-05-15 19:27:07.065 EHFG[36250:70b] Resetting plugins due to page load.
2014-05-15 19:27:07.756 EHFG[36250:70b] Finished load of: file:///Users/patrick/Library/Application%20Support/iPhone%20Simulator/7.1/Applications/9F804247-D7FB-4583-8003-43C6D31769B8/EHFG.app/www/index.html
Terminating in response to SpringBoard's termination.
2014-08-17 20:56:48.750 EHFG[8605:70b] Multi-tasking -> Device: YES, App: YES
2014-08-17 20:56:48.781 EHFG[8605:70b] Unlimited access to network resources
2014-08-17 20:56:49.090 EHFG[8605:70b] Resetting plugins due to page load.
2014-08-17 20:56:50.278 EHFG[8605:70b] Finished load of: file:///Users/patrick/Library/Application%20Support/iPhone%20Simulator/7.1/Applications/9F804247-D7FB-4583-8003-43C6D31769B8/EHFG.app/www/index.html
2014-08-17 20:57:40.069 EHFG[8605:70b] Resetting plugins due to page load.
2014-08-17 20:57:40.997 EHFG[8605:70b] Finished load of: file:///Users/patrick/Library/Application%20Support/iPhone%20Simulator/7.1/Applications/9F804247-D7FB-4583-8003-43C6D31769B8/EHFG.app/www/index.html#speaker
2014-08-17 20:58:16.838 EHFG[8605:70b] CDVWebViewDelegate: Navigation started when state=1
2014-08-17 20:58:16.838 EHFG[8605:70b] Failed to load webpage with error: CDVWebViewDelegate: Navigation started when state=1
2014-08-17 20:58:16.840 EHFG[8605:70b] CDVWebViewDelegate: Navigation started when state=1
2014-08-17 20:58:16.841 EHFG[8605:70b] Failed to load webpage with error: CDVWebViewDelegate: Navigation started when state=1
2014-08-17 20:58:16.844 EHFG[8605:70b] Resetting plugins due to page load.
2014-08-17 20:58:17.328 EHFG[8605:70b] Finished load of: http://asdf.org/123
2014-08-17 21:34:30.050 EHFG[10090:70b] Multi-tasking -> Device: YES, App: YES
2014-08-17 21:34:30.078 EHFG[10090:70b] Unlimited access to network resources
2014-08-17 21:34:30.395 EHFG[10090:70b] Resetting plugins due to page load.
2014-08-17 21:34:31.197 EHFG[10090:70b] Finished load of: file:///Users/patrick/Library/Application%20Support/iPhone%20Simulator/7.1/Applications/9F804247-D7FB-4583-8003-43C6D31769B8/EHFG.app/www/index.html
2014-08-17 21:34:33.835 EHFG[10090:70b] THREAD WARNING: ['InAppBrowser'] took '57.166748' ms. Plugin should use a background thread.
2014-08-20 09:37:14.927 EHFG[13505:70b] Multi-tasking -> Device: YES, App: YES
2014-08-20 09:37:14.958 EHFG[13505:70b] Unlimited access to network resources
2014-08-20 09:37:15.494 EHFG[13505:70b] Resetting plugins due to page load.
2014-08-20 09:37:16.616 EHFG[13505:70b] Finished load of: file:///Users/patrick/Library/Application%20Support/iPhone%20Simulator/7.1/Applications/9F804247-D7FB-4583-8003-43C6D31769B8/EHFG.app/www/index.html
2014-08-20 19:16:34.957 EHFG[16461:70b] Multi-tasking -> Device: YES, App: YES
2014-08-20 19:16:34.994 EHFG[16461:70b] Unlimited access to network resources
2014-08-20 19:16:35.476 EHFG[16461:70b] Resetting plugins due to page load.
2014-08-20 19:16:36.563 EHFG[16461:70b] Finished load of: file:///Users/patrick/Library/Application%20Support/iPhone%20Simulator/7.1/Applications/9F804247-D7FB-4583-8003-43C6D31769B8/EHFG.app/www/index.html
2014-08-20 19:21:11.690 EHFG[17800:70b] Multi-tasking -> Device: YES, App: YES
2014-08-20 19:21:11.699 EHFG[17800:70b] Unlimited access to network resources
2014-08-20 19:21:11.847 EHFG[17800:70b] Resetting plugins due to page load.
2014-08-20 19:21:12.555 EHFG[17800:70b] Finished load of: file:///Users/patrick/Library/Application%20Support/iPhone%20Simulator/7.1/Applications/9F804247-D7FB-4583-8003-43C6D31769B8/EHFG.app/www/index.html
2014-08-20 19:23:48.715 EHFG[19693:70b] Multi-tasking -> Device: YES, App: YES
2014-08-20 19:23:48.724 EHFG[19693:70b] Unlimited access to network resources
2014-08-20 19:23:48.898 EHFG[19693:70b] Resetting plugins due to page load.
2014-08-20 19:23:49.519 EHFG[19693:70b] Finished load of: file:///Users/patrick/Library/Application%20Support/iPhone%20Simulator/7.1/Applications/9F804247-D7FB-4583-8003-43C6D31769B8/EHFG.app/www/index.html
2014-08-20 19:25:24.357 EHFG[20987:70b] Multi-tasking -> Device: YES, App: YES
2014-08-20 19:25:24.366 EHFG[20987:70b] Unlimited access to network resources
2014-08-20 19:25:24.495 EHFG[20987:70b] Resetting plugins due to page load.
2014-08-20 19:25:25.144 EHFG[20987:70b] Finished load of: file:///Users/patrick/Library/Application%20Support/iPhone%20Simulator/7.1/Applications/9F804247-D7FB-4583-8003-43C6D31769B8/EHFG.app/www/index.html
2014-08-20 19:26:57.902 EHFG[22882:70b] Multi-tasking -> Device: YES, App: YES
2014-08-20 19:26:57.911 EHFG[22882:70b] Unlimited access to network resources
2014-08-20 19:26:58.036 EHFG[22882:70b] Resetting plugins due to page load.
2014-08-20 19:26:58.672 EHFG[22882:70b] Finished load of: file:///Users/patrick/Library/Application%20Support/iPhone%20Simulator/7.1/Applications/9F804247-D7FB-4583-8003-43C6D31769B8/EHFG.app/www/index.html
2014-08-20 19:31:35.173 EHFG[24793:70b] Multi-tasking -> Device: YES, App: YES
2014-08-20 19:31:35.184 EHFG[24793:70b] Unlimited access to network resources
2014-08-20 19:31:35.318 EHFG[24793:70b] Resetting plugins due to page load.
2014-08-20 19:31:35.989 EHFG[24793:70b] Finished load of: file:///Users/patrick/Library/Application%20Support/iPhone%20Simulator/7.1/Applications/9F804247-D7FB-4583-8003-43C6D31769B8/EHFG.app/www/index.html
2014-08-21 19:38:16.616 EHFG[26679:70b] Multi-tasking -> Device: YES, App: YES
2014-08-21 19:38:16.643 EHFG[26679:70b] Unlimited access to network resources
2014-08-21 19:38:17.148 EHFG[26679:70b] Resetting plugins due to page load.
2014-08-21 19:38:18.880 EHFG[26679:70b] Finished load of: file:///Users/patrick/Library/Application%20Support/iPhone%20Simulator/7.1/Applications/9F804247-D7FB-4583-8003-43C6D31769B8/EHFG.app/www/index.html
2014-08-24 16:12:49.849 EHFG[32159:70b] Multi-tasking -> Device: YES, App: YES
2014-08-24 16:12:49.875 EHFG[32159:70b] Unlimited access to network resources
2014-08-24 16:12:50.196 EHFG[32159:70b] Resetting plugins due to page load.
2014-08-24 16:12:50.910 EHFG[32159:70b] Finished load of: file:///Users/patrick/Library/Application%20Support/iPhone%20Simulator/7.1/Applications/9F804247-D7FB-4583-8003-43C6D31769B8/EHFG.app/www/index.html
2014-08-24 16:31:49.684 EHFG[34115:70b] Multi-tasking -> Device: YES, App: YES
2014-08-24 16:31:49.697 EHFG[34115:70b] Unlimited access to network resources
2014-08-24 16:31:49.842 EHFG[34115:70b] Resetting plugins due to page load.
2014-08-24 16:31:50.545 EHFG[34115:70b] Finished load of: file:///Users/patrick/Library/Application%20Support/iPhone%20Simulator/7.1/Applications/9F804247-D7FB-4583-8003-43C6D31769B8/EHFG.app/www/index.html
